mode: atomic
/Users/slametwidodo/go/github.com/tulip/internal/paytoken/api.go:13.111,24.2 5 1
/Users/slametwidodo/go/github.com/tulip/internal/paytoken/api.go:31.58,33.16 2 1
/Users/slametwidodo/go/github.com/tulip/internal/paytoken/api.go:37.2,37.26 1 1
/Users/slametwidodo/go/github.com/tulip/internal/paytoken/api.go:33.16,35.3 1 0
/Users/slametwidodo/go/github.com/tulip/internal/paytoken/api.go:40.54,42.39 2 2
/Users/slametwidodo/go/github.com/tulip/internal/paytoken/api.go:46.2,47.16 2 1
/Users/slametwidodo/go/github.com/tulip/internal/paytoken/api.go:51.2,51.56 1 1
/Users/slametwidodo/go/github.com/tulip/internal/paytoken/api.go:42.39,45.3 2 1
/Users/slametwidodo/go/github.com/tulip/internal/paytoken/api.go:47.16,49.3 1 0
/Users/slametwidodo/go/github.com/tulip/internal/paytoken/api.go:54.54,56.39 2 2
/Users/slametwidodo/go/github.com/tulip/internal/paytoken/api.go:60.2,61.16 2 1
/Users/slametwidodo/go/github.com/tulip/internal/paytoken/api.go:64.2,64.56 1 1
/Users/slametwidodo/go/github.com/tulip/internal/paytoken/api.go:56.39,59.3 2 1
/Users/slametwidodo/go/github.com/tulip/internal/paytoken/api.go:61.16,63.3 1 0
/Users/slametwidodo/go/github.com/tulip/internal/paytoken/repository.go:36.68,38.2 1 1
/Users/slametwidodo/go/github.com/tulip/internal/paytoken/repository.go:41.85,48.2 3 3
/Users/slametwidodo/go/github.com/tulip/internal/paytoken/repository.go:51.102,58.2 3 1
/Users/slametwidodo/go/github.com/tulip/internal/paytoken/repository.go:61.105,63.23 2 1
/Users/slametwidodo/go/github.com/tulip/internal/paytoken/repository.go:68.2,74.22 4 1
/Users/slametwidodo/go/github.com/tulip/internal/paytoken/repository.go:63.23,66.3 2 0
/Users/slametwidodo/go/github.com/tulip/internal/paytoken/repository.go:79.79,91.2 2 1
/Users/slametwidodo/go/github.com/tulip/internal/paytoken/repository.go:94.81,100.2 2 1
/Users/slametwidodo/go/github.com/tulip/internal/paytoken/service.go:33.61,35.2 1 2
/Users/slametwidodo/go/github.com/tulip/internal/paytoken/service.go:46.98,48.16 2 2
/Users/slametwidodo/go/github.com/tulip/internal/paytoken/service.go:51.2,51.23 1 2
/Users/slametwidodo/go/github.com/tulip/internal/paytoken/service.go:48.16,50.3 1 0
/Users/slametwidodo/go/github.com/tulip/internal/paytoken/service.go:55.110,56.15 1 2
/Users/slametwidodo/go/github.com/tulip/internal/paytoken/service.go:62.2,62.25 1 2
/Users/slametwidodo/go/github.com/tulip/internal/paytoken/service.go:110.2,110.34 1 0
/Users/slametwidodo/go/github.com/tulip/internal/paytoken/service.go:56.15,57.17 1 2
/Users/slametwidodo/go/github.com/tulip/internal/paytoken/service.go:57.17,59.4 1 0
/Users/slametwidodo/go/github.com/tulip/internal/paytoken/service.go:62.25,67.17 2 2
/Users/slametwidodo/go/github.com/tulip/internal/paytoken/service.go:72.3,79.120 5 2
/Users/slametwidodo/go/github.com/tulip/internal/paytoken/service.go:84.3,93.17 9 2
/Users/slametwidodo/go/github.com/tulip/internal/paytoken/service.go:103.3,107.21 2 2
/Users/slametwidodo/go/github.com/tulip/internal/paytoken/service.go:67.17,70.4 2 0
/Users/slametwidodo/go/github.com/tulip/internal/paytoken/service.go:79.120,81.4 1 2
/Users/slametwidodo/go/github.com/tulip/internal/paytoken/service.go:93.17,94.55 1 0
/Users/slametwidodo/go/github.com/tulip/internal/paytoken/service.go:99.4,100.36 2 0
/Users/slametwidodo/go/github.com/tulip/internal/paytoken/service.go:94.55,96.13 1 0
/Users/slametwidodo/go/github.com/tulip/internal/paytoken/service.go:114.110,115.15 1 2
/Users/slametwidodo/go/github.com/tulip/internal/paytoken/service.go:123.2,124.35 2 2
/Users/slametwidodo/go/github.com/tulip/internal/paytoken/service.go:130.2,130.16 1 2
/Users/slametwidodo/go/github.com/tulip/internal/paytoken/service.go:135.2,135.23 1 2
/Users/slametwidodo/go/github.com/tulip/internal/paytoken/service.go:140.2,153.46 4 2
/Users/slametwidodo/go/github.com/tulip/internal/paytoken/service.go:158.2,158.18 1 2
/Users/slametwidodo/go/github.com/tulip/internal/paytoken/service.go:163.2,163.16 1 2
/Users/slametwidodo/go/github.com/tulip/internal/paytoken/service.go:168.2,168.17 1 2
/Users/slametwidodo/go/github.com/tulip/internal/paytoken/service.go:115.15,116.17 1 2
/Users/slametwidodo/go/github.com/tulip/internal/paytoken/service.go:116.17,118.4 1 0
/Users/slametwidodo/go/github.com/tulip/internal/paytoken/service.go:124.35,128.3 2 0
/Users/slametwidodo/go/github.com/tulip/internal/paytoken/service.go:130.16,133.3 2 0
/Users/slametwidodo/go/github.com/tulip/internal/paytoken/service.go:135.23,138.3 2 0
/Users/slametwidodo/go/github.com/tulip/internal/paytoken/service.go:153.46,156.3 2 2
/Users/slametwidodo/go/github.com/tulip/internal/paytoken/service.go:158.18,161.3 2 2
/Users/slametwidodo/go/github.com/tulip/internal/paytoken/service.go:163.16,166.3 2 0

